#
# There is insufficient memory for the Java Runtime Environment to continue.
# Native memory allocation (malloc) failed to allocate 1048576 bytes for AllocateHeap
# Possible reasons:
#   The system is out of physical RAM or swap space
#   In 32 bit mode, the process size limit was hit
# Possible solutions:
#   Reduce memory load on the system
#   Increase physical memory or swap space
#   Check if swap backing store is full
#   Use 64 bit Java on a 64 bit OS
#   Decrease Java heap size (-Xmx/-Xms)
#   Decrease number of Java threads
#   Decrease Java thread stack sizes (-Xss)
#   Set larger code cache with -XX:ReservedCodeCacheSize=
# This output file may be truncated or incomplete.
#
#  Out of Memory Error (memory/allocation.inline.hpp:61), pid=11704, tid=14756
#
# JRE version:  (7.0_40-b43) (build )
# Java VM: Java HotSpot(TM) 64-Bit Server VM (24.0-b56 mixed mode windows-amd64 compressed oops)
# Failed to write core dump. Minidumps are not enabled by default on client versions of Windows
#

---------------  T H R E A D  ---------------

Current thread (0x00000000021c8000):  JavaThread "Unknown thread" [_thread_in_vm, id=14756, stack(0x0000000002550000,0x0000000002650000)]

Stack: [0x0000000002550000,0x0000000002650000]

---------------  P R O C E S S  ---------------

Java Threads: ( => current thread )

Other Threads:

=>0x00000000021c8000 (exited) JavaThread "Unknown thread" [_thread_in_vm, id=14756, stack(0x0000000002550000,0x0000000002650000)]

VM state:not at safepoint (normal execution)

VM Mutex/Monitor currently owned by a thread: None

Heap
 PSYoungGen      total 76800K, used 1321K [0x00000000eaa80000, 0x00000000f0000000, 0x0000000100000000)
  eden space 66048K, 2% used [0x00000000eaa80000,0x00000000eabca440,0x00000000eeb00000)
  from space 10752K, 0% used [0x00000000ef580000,0x00000000ef580000,0x00000000f0000000)
  to   space 10752K, 0% used [0x00000000eeb00000,0x00000000eeb00000,0x00000000ef580000)
 ParOldGen       total 174080K, used 0K [0x00000000c0000000, 0x00000000caa00000, 0x00000000eaa80000)
  object space 174080K, 0% used [0x00000000c0000000,0x00000000c0000000,0x00000000caa00000)
 PSPermGen       total 21504K, used 672K [0x00000000bae00000, 0x00000000bc300000, 0x00000000c0000000)
  object space 21504K, 3% used [0x00000000bae00000,0x00000000baea80b0,0x00000000bc300000)

Card table byte_map: [0x0000000005650000,0x0000000005880000] byte_map_base: 0x0000000005079000

Polling page: 0x0000000000140000

Code Cache  [0x0000000002650000, 0x00000000028c0000, 0x0000000005650000)
 total_blobs=38 nmethods=0 adapters=20 free_code_cache=48889Kb largest_free_block=50062528

Compilation events (0 events):
No events

GC Heap History (0 events):
No events

Deoptimization events (0 events):
No events

Internal exceptions (0 events):
No events

Events (10 events):
Event: 0.027 loading class 0x00000000088503e0
Event: 0.027 loading class 0x00000000088503e0 done
Event: 0.027 loading class 0x0000000008850430
Event: 0.027 loading class 0x0000000008850430 done
Event: 0.027 loading class 0x0000000008850480
Event: 0.027 loading class 0x0000000008850480 done
Event: 0.028 loading class 0x00000000088511e0
Event: 0.028 loading class 0x00000000088511e0 done
Event: 0.028 loading class 0x0000000008850e00
Event: 0.028 loading class 0x0000000008850e00 done


Dynamic libraries:
0x000000013f790000 - 0x000000013f7c3000 	C:\Program Files\Java\jdk1.7.0_40\bin\java.exe
0x0000000077af0000 - 0x0000000077c99000 	C:\Windows\SYSTEM32\ntdll.dll
0x0000000077850000 - 0x000000007796f000 	C:\Windows\system32\kernel32.dll
0x000007fefd9e0000 - 0x000007fefda4c000 	C:\Windows\system32\KERNELBASE.dll
0x000007fefdcf0000 - 0x000007fefddcb000 	C:\Windows\system32\ADVAPI32.dll
0x000007feff2b0000 - 0x000007feff34f000 	C:\Windows\system32\msvcrt.dll
0x000007feffac0000 - 0x000007feffadf000 	C:\Windows\SYSTEM32\sechost.dll
0x000007fefef80000 - 0x000007feff0ad000 	C:\Windows\system32\RPCRT4.dll
0x00000000779f0000 - 0x0000000077aea000 	C:\Windows\system32\USER32.dll
0x000007feff1a0000 - 0x000007feff207000 	C:\Windows\system32\GDI32.dll
0x000007feffb30000 - 0x000007feffb3e000 	C:\Windows\system32\LPK.dll
0x000007feff0d0000 - 0x000007feff199000 	C:\Windows\system32\USP10.dll
0x000007fefc4b0000 - 0x000007fefc6a4000 	C:\Windows\WinSxS\amd64_microsoft.windows.common-controls_6595b64144ccf1df_6.0.7601.17514_none_fa396087175ac9ac\COMCTL32.dll
0x000007feffd20000 - 0x000007feffd91000 	C:\Windows\system32\SHLWAPI.dll
0x000007fefddd0000 - 0x000007fefddfe000 	C:\Windows\system32\IMM32.DLL
0x000007fefee70000 - 0x000007fefef79000 	C:\Windows\system32\MSCTF.dll
0x00000000796d0000 - 0x00000000797a1000 	C:\Program Files\Java\jdk1.7.0_40\jre\bin\msvcr100.dll
0x000000005a8b0000 - 0x000000005b079000 	C:\Program Files\Java\jdk1.7.0_40\jre\bin\server\jvm.dll
0x000007fef5ba0000 - 0x000007fef5ba9000 	C:\Windows\system32\WSOCK32.dll
0x000007feffae0000 - 0x000007feffb2d000 	C:\Windows\system32\WS2_32.dll
0x000007fefe0d0000 - 0x000007fefe0d8000 	C:\Windows\system32\NSI.dll
0x000007fefbd90000 - 0x000007fefbdcb000 	C:\Windows\system32\WINMM.dll
0x0000000077cc0000 - 0x0000000077cc7000 	C:\Windows\system32\PSAPI.DLL
0x000000006e6a0000 - 0x000000006e6af000 	C:\Program Files\Java\jdk1.7.0_40\jre\bin\verify.dll
0x000000006e670000 - 0x000000006e698000 	C:\Program Files\Java\jdk1.7.0_40\jre\bin\java.dll
0x000000006e650000 - 0x000000006e665000 	C:\Program Files\Java\jdk1.7.0_40\jre\bin\zip.dll

VM Arguments:
jvm_args: -Xmx1024M -Dfile.encoding=windows-1252 -Duser.country=US -Duser.language=en -Duser.variant 
java_command: com.android.dx.command.Main --dex --output D:\Sunshine\EmpowerMe\app\build\intermediates\pre-dexed\debug\picasso-2.5.0-ce6ab28e24e6d6be989784b1ee669417199dce31.jar C:\Users\jonathanf.AVT_SERVER\.gradle\caches\modules-2\files-2.1\com.squareup.picasso\picasso\2.5.0\7ff0e000d1e27e356567f56c92af3b8ab912636f\picasso-2.5.0.jar
Launcher Type: SUN_STANDARD

Environment Variables:
JAVA_HOME=C:\Program Files\Java\jdk1.7.0_40
PATH=C:\ProgramData\Oracle\Java\javapath;C:\Windows\system32;C:\Windows;C:\Windows\System32\Wbem;C:\Windows\System32\WindowsPowerShell\v1.0\;C:\Program Files\Intel\DMIX;C:\Program Files (x86)\Common Files\Roxio Shared\OEM\DLLShared\;C:\Program Files (x86)\Common Files\Roxio Shared\OEM\DLLShared\;C:\Program Files (x86)\Common Files\Roxio Shared\OEM\12.0\DLLShared\;C:\Program Files (x86)\Roxio\OEM\AudioCore\;C:\Program Files\WIDCOMM\Bluetooth Software\;C:\Program Files\WIDCOMM\Bluetooth Software\syswow64;C:\Program Files (x86)\Intel\Services\IPT\;C:\Program Files\Microsoft\Web Platform Installer\;C:\Program Files (x86)\Microsoft ASP.NET\ASP.NET Web Pages\v1.0\;C:\Program Files\Microsoft SQL Server\110\Tools\Binn\;C:\Program Files\Intel\WiFi\bin\;C:\Program Files\Common Files\Intel\WirelessCommon\;C:\Program Files (x86)\Microsoft Team Foundation Server 2012 Power Tools\;C:\Program Files (x86)\Microsoft Team Foundation Server 2012 Power Tools\Best Practices Analyzer\;C:\Users\jonathanf.AVT_SERVER\AppData\Local\Android\android-studio\sdk\platform-tools;C:\Program Files (x86)\GtkSharp\2.12\bin;C:\Program Files (x86)\Windows Kits\8.1\Windows Performance Toolkit\;C:\Program Files\Microsoft SQL Server\120\Tools\Binn\;C:\Program Files (x86)\Microsoft SQL Server\100\Tools\Binn\;C:\Program Files\Microsoft SQL Server\100\Tools\Binn\;C:\Program Files\Microsoft SQL Server\100\DTS\Binn\;C:\Program Files (x86)\Microsoft SQL Server\100\Tools\Binn\VSShell\Common7\IDE\;C:\Program Files (x86)\Microsoft Visual Studio 9.0\Common7\IDE\PrivateAssemblies\;C:\Program Files (x86)\Microsoft SQL Server\100\DTS\Binn\;C:\Program Files (x86)\Microsoft SDKs\TypeScript\1.4\;C:\Program Files (x86)\Skype\Phone\;C:\Program Files\Intel\WiFi\bin\;C:\Program Files\Common Files\Intel\WirelessCommon\
USERNAME=JonathanF
OS=Windows_NT
PROCESSOR_IDENTIFIER=Intel64 Family 6 Model 42 Stepping 7, GenuineIntel



---------------  S Y S T E M  ---------------

OS: Windows 7 , 64 bit Build 7601 Service Pack 1

CPU:total 8 (4 cores per cpu, 2 threads per core) family 6 model 42 stepping 7, cmov, cx8, fxsr, mmx, sse, sse2, sse3, ssse3, sse4.1, sse4.2, popcnt, avx, aes, ht, tsc, tscinvbit

Memory: 4k page, physical 16733200k(4643840k free), swap 16731344k(349168k free)

vm_info: Java HotSpot(TM) 64-Bit Server VM (24.0-b56) for windows-amd64 JRE (1.7.0_40-b43), built on Aug 26 2013 22:38:32 by "java_re" with unknown MS VC++:1600

time: Thu Mar 12 14:54:12 2015
elapsed time: 0 seconds

